# JRE version: OpenJDK Runtime Environment Temurin-17.0.3+7 (17.0.3+7) (build 17.0.3+7)
# Java VM: OpenJDK 64-Bit Server VM Temurin-17.0.3+7 (17.0.3+7, mixed mode, tiered, compressed oops, compressed class ptrs, parallel gc, windows-amd64)
GC Precious Log:
 CPUs: 8 total, 8 available
 Memory: 16262M
 Large Page Support: Disabled
 NUMA Support: Disabled
 Compressed Oops: Enabled (32-bit)
 Alignments: Space 512K, Generation 512K, Heap 2M
 Heap Min Capacity: 100M
 Heap Initial Capacity: 100M
 Heap Max Capacity: 1G
 Pre-touch: Disabled
 Parallel Workers: 8
Heap:
 PSYoungGen      total 14336K, used 3212K [0x00000000eab00000, 0x00000000ebd80000, 0x0000000100000000)
  eden space 12800K, 17% used [0x00000000eab00000,0x00000000ead32b00,0x00000000eb780000)
  from space 1536K, 62% used [0x00000000eba80000,0x00000000ebb70518,0x00000000ebc00000)
  to   space 1536K, 0% used [0x00000000ebc00000,0x00000000ebc00000,0x00000000ebd80000)
 ParOldGen       total 68608K, used 52320K [0x00000000c0000000, 0x00000000c4300000, 0x00000000eab00000)
  object space 68608K, 76% used [0x00000000c0000000,0x00000000c3318160,0x00000000c4300000)
 Metaspace       used 66655K, committed 67776K, reserved 1114112K
  class space    used 7073K, committed 7552K, reserved 1048576K
GC Heap History (20 events):
Event: 31.582 GC heap before
{Heap before GC invocations=33 (full 3):
 PSYoungGen      total 14848K, used 14819K [0x00000000eab00000, 0x00000000ec880000, 0x0000000100000000)
  eden space 12800K, 99% used [0x00000000eab00000,0x00000000eb77f9a0,0x00000000eb780000)
  from space 2048K, 98% used [0x00000000eba00000,0x00000000ebbf9518,0x00000000ebc00000)
  to   space 8704K, 0% used [0x00000000ec000000,0x00000000ec000000,0x00000000ec880000)
 ParOldGen       total 68608K, used 43322K [0x00000000c0000000, 0x00000000c4300000, 0x00000000eab00000)
  object space 68608K, 63% used [0x00000000c0000000,0x00000000c2a4e848,0x00000000c4300000)
 Metaspace       used 63731K, committed 64768K, reserved 1114112K
  class space    used 6832K, committed 7296K, reserved 1048576K
}
Event: 31.585 GC heap after
{Heap after GC invocations=33 (full 3):
 PSYoungGen      total 13824K, used 992K [0x00000000eab00000, 0x00000000ec100000, 0x0000000100000000)
  eden space 12800K, 0% used [0x00000000eab00000,0x00000000eab00000,0x00000000eb780000)
  from space 1024K, 96% used [0x00000000ec000000,0x00000000ec0f8020,0x00000000ec100000)
  to   space 3584K, 0% used [0x00000000eba00000,0x00000000eba00000,0x00000000ebd80000)
 ParOldGen       total 68608K, used 43909K [0x00000000c0000000, 0x00000000c4300000, 0x00000000eab00000)
  object space 68608K, 64% used [0x00000000c0000000,0x00000000c2ae1680,0x00000000c4300000)
 Metaspace       used 63731K, committed 64768K, reserved 1114112K
  class space    used 6832K, committed 7296K, reserved 1048576K
}
Event: 32.933 GC heap before
{Heap before GC invocations=34 (full 3):
 PSYoungGen      total 13824K, used 13792K [0x00000000eab00000, 0x00000000ec100000, 0x0000000100000000)
  eden space 12800K, 100% used [0x00000000eab00000,0x00000000eb780000,0x00000000eb780000)
  from space 1024K, 96% used [0x00000000ec000000,0x00000000ec0f8020,0x00000000ec100000)
  to   space 3584K, 0% used [0x00000000eba00000,0x00000000eba00000,0x00000000ebd80000)
 ParOldGen       total 68608K, used 43909K [0x00000000c0000000, 0x00000000c4300000, 0x00000000eab00000)
  object space 68608K, 64% used [0x00000000c0000000,0x00000000c2ae1680,0x00000000c4300000)
 Metaspace       used 64255K, committed 65344K, reserved 1114112K
  class space    used 6870K, committed 7296K, reserved 1048576K
}
Event: 32.936 GC heap after
{Heap after GC invocations=34 (full 3):
 PSYoungGen      total 16384K, used 1808K [0x00000000eab00000, 0x00000000ec080000, 0x0000000100000000)
  eden space 12800K, 0% used [0x00000000eab00000,0x00000000eab00000,0x00000000eb780000)
  from space 3584K, 50% used [0x00000000eba00000,0x00000000ebbc4010,0x00000000ebd80000)
  to   space 2048K, 0% used [0x00000000ebe80000,0x00000000ebe80000,0x00000000ec080000)
 ParOldGen       total 68608K, used 44751K [0x00000000c0000000, 0x00000000c4300000, 0x00000000eab00000)
  object space 68608K, 65% used [0x00000000c0000000,0x00000000c2bb3d40,0x00000000c4300000)
 Metaspace       used 64255K, committed 65344K, reserved 1114112K
  class space    used 6870K, committed 7296K, reserved 1048576K
}
Event: 33.128 GC heap before
{Heap before GC invocations=35 (full 3):
 PSYoungGen      total 16384K, used 14608K [0x00000000eab00000, 0x00000000ec080000, 0x0000000100000000)
  eden space 12800K, 100% used [0x00000000eab00000,0x00000000eb780000,0x00000000eb780000)
  from space 3584K, 50% used [0x00000000eba00000,0x00000000ebbc4010,0x00000000ebd80000)
  to   space 2048K, 0% used [0x00000000ebe80000,0x00000000ebe80000,0x00000000ec080000)
 ParOldGen       total 68608K, used 44751K [0x00000000c0000000, 0x00000000c4300000, 0x00000000eab00000)
  object space 68608K, 65% used [0x00000000c0000000,0x00000000c2bb3d40,0x00000000c4300000)
 Metaspace       used 64321K, committed 65344K, reserved 1114112K
  class space    used 6870K, committed 7296K, reserved 1048576K
}
Event: 33.132 GC heap after
{Heap after GC invocations=35 (full 3):
 PSYoungGen      total 14848K, used 1792K [0x00000000eab00000, 0x00000000ec080000, 0x0000000100000000)
  eden space 12800K, 0% used [0x00000000eab00000,0x00000000eab00000,0x00000000eb780000)
  from space 2048K, 87% used [0x00000000ebe80000,0x00000000ec040000,0x00000000ec080000)
  to   space 2048K, 0% used [0x00000000ebc80000,0x00000000ebc80000,0x00000000ebe80000)
 ParOldGen       total 68608K, used 46427K [0x00000000c0000000, 0x00000000c4300000, 0x00000000eab00000)
  object space 68608K, 67% used [0x00000000c0000000,0x00000000c2d56f48,0x00000000c4300000)
 Metaspace       used 64321K, committed 65344K, reserved 1114112K
  class space    used 6870K, committed 7296K, reserved 1048576K
}
Event: 33.617 GC heap before
{Heap before GC invocations=36 (full 3):
 PSYoungGen      total 14848K, used 14592K [0x00000000eab00000, 0x00000000ec080000, 0x0000000100000000)
  eden space 12800K, 100% used [0x00000000eab00000,0x00000000eb780000,0x00000000eb780000)
  from space 2048K, 87% used [0x00000000ebe80000,0x00000000ec040000,0x00000000ec080000)
  to   space 2048K, 0% used [0x00000000ebc80000,0x00000000ebc80000,0x00000000ebe80000)
 ParOldGen       total 68608K, used 46427K [0x00000000c0000000, 0x00000000c4300000, 0x00000000eab00000)
  object space 68608K, 67% used [0x00000000c0000000,0x00000000c2d56f48,0x00000000c4300000)
 Metaspace       used 64549K, committed 65600K, reserved 1114112K
  class space    used 6891K, committed 7360K, reserved 1048576K
}
Event: 33.620 GC heap after
{Heap after GC invocations=36 (full 3):
 PSYoungGen      total 13824K, used 1024K [0x00000000eab00000, 0x00000000ebf00000, 0x0000000100000000)
  eden space 12800K, 0% used [0x00000000eab00000,0x00000000eab00000,0x00000000eb780000)
  from space 1024K, 100% used [0x00000000ebc80000,0x00000000ebd80000,0x00000000ebd80000)
  to   space 1536K, 0% used [0x00000000ebd80000,0x00000000ebd80000,0x00000000ebf00000)
 ParOldGen       total 68608K, used 47675K [0x00000000c0000000, 0x00000000c4300000, 0x00000000eab00000)
  object space 68608K, 69% used [0x00000000c0000000,0x00000000c2e8ef48,0x00000000c4300000)
 Metaspace       used 64549K, committed 65600K, reserved 1114112K
  class space    used 6891K, committed 7360K, reserved 1048576K
}
Event: 34.750 GC heap before
{Heap before GC invocations=37 (full 3):
 PSYoungGen      total 13824K, used 13824K [0x00000000eab00000, 0x00000000ebf00000, 0x0000000100000000)
  eden space 12800K, 100% used [0x00000000eab00000,0x00000000eb780000,0x00000000eb780000)
  from space 1024K, 100% used [0x00000000ebc80000,0x00000000ebd80000,0x00000000ebd80000)
  to   space 1536K, 0% used [0x00000000ebd80000,0x00000000ebd80000,0x00000000ebf00000)
 ParOldGen       total 68608K, used 47675K [0x00000000c0000000, 0x00000000c4300000, 0x00000000eab00000)
  object space 68608K, 69% used [0x00000000c0000000,0x00000000c2e8ef48,0x00000000c4300000)
 Metaspace       used 64638K, committed 65728K, reserved 1114112K
  class space    used 6894K, committed 7360K, reserved 1048576K
}
Event: 35.113 GC heap after
{Heap after GC invocations=37 (full 3):
 PSYoungGen      total 14336K, used 1056K [0x00000000eab00000, 0x00000000ebf00000, 0x0000000100000000)
  eden space 12800K, 0% used [0x00000000eab00000,0x00000000eab00000,0x00000000eb780000)
  from space 1536K, 68% used [0x00000000ebd80000,0x00000000ebe88000,0x00000000ebf00000)
  to   space 1536K, 0% used [0x00000000ebc00000,0x00000000ebc00000,0x00000000ebd80000)
 ParOldGen       total 68608K, used 48544K [0x00000000c0000000, 0x00000000c4300000, 0x00000000eab00000)
  object space 68608K, 70% used [0x00000000c0000000,0x00000000c2f68150,0x00000000c4300000)
 Metaspace       used 64638K, committed 65728K, reserved 1114112K
  class space    used 6894K, committed 7360K, reserved 1048576K
}
Event: 36.163 GC heap before
{Heap before GC invocations=38 (full 3):
 PSYoungGen      total 14336K, used 13856K [0x00000000eab00000, 0x00000000ebf00000, 0x0000000100000000)
  eden space 12800K, 100% used [0x00000000eab00000,0x00000000eb780000,0x00000000eb780000)
  from space 1536K, 68% used [0x00000000ebd80000,0x00000000ebe88000,0x00000000ebf00000)
  to   space 1536K, 0% used [0x00000000ebc00000,0x00000000ebc00000,0x00000000ebd80000)
 ParOldGen       total 68608K, used 48544K [0x00000000c0000000, 0x00000000c4300000, 0x00000000eab00000)
  object space 68608K, 70% used [0x00000000c0000000,0x00000000c2f68150,0x00000000c4300000)
 Metaspace       used 64732K, committed 65856K, reserved 1114112K
  class space    used 6895K, committed 7360K, reserved 1048576K
}
Event: 36.164 GC heap after
{Heap after GC invocations=38 (full 3):
 PSYoungGen      total 13824K, used 928K [0x00000000eab00000, 0x00000000ebe00000, 0x0000000100000000)
  eden space 12800K, 0% used [0x00000000eab00000,0x00000000eab00000,0x00000000eb780000)
  from space 1024K, 90% used [0x00000000ebc00000,0x00000000ebce8000,0x00000000ebd00000)
  to   space 1024K, 0% used [0x00000000ebd00000,0x00000000ebd00000,0x00000000ebe00000)
 ParOldGen       total 68608K, used 49440K [0x00000000c0000000, 0x00000000c4300000, 0x00000000eab00000)
  object space 68608K, 72% used [0x00000000c0000000,0x00000000c3048150,0x00000000c4300000)
 Metaspace       used 64732K, committed 65856K, reserved 1114112K
  class space    used 6895K, committed 7360K, reserved 1048576K
}
Event: 36.959 GC heap before
{Heap before GC invocations=39 (full 3):
 PSYoungGen      total 13824K, used 13728K [0x00000000eab00000, 0x00000000ebe00000, 0x0000000100000000)
  eden space 12800K, 100% used [0x00000000eab00000,0x00000000eb780000,0x00000000eb780000)
  from space 1024K, 90% used [0x00000000ebc00000,0x00000000ebce8000,0x00000000ebd00000)
  to   space 1024K, 0% used [0x00000000ebd00000,0x00000000ebd00000,0x00000000ebe00000)
 ParOldGen       total 68608K, used 49440K [0x00000000c0000000, 0x00000000c4300000, 0x00000000eab00000)
  object space 68608K, 72% used [0x00000000c0000000,0x00000000c3048150,0x00000000c4300000)
 Metaspace       used 65285K, committed 66368K, reserved 1114112K
  class space    used 6943K, committed 7424K, reserved 1048576K
}
Event: 36.960 GC heap after
{Heap after GC invocations=39 (full 3):
 PSYoungGen      total 13824K, used 863K [0x00000000eab00000, 0x00000000ebe00000, 0x0000000100000000)
  eden space 12800K, 0% used [0x00000000eab00000,0x00000000eab00000,0x00000000eb780000)
  from space 1024K, 84% used [0x00000000ebd00000,0x00000000ebdd7f70,0x00000000ebe00000)
  to   space 1024K, 0% used [0x00000000ebc00000,0x00000000ebc00000,0x00000000ebd00000)
 ParOldGen       total 68608K, used 50240K [0x00000000c0000000, 0x00000000c4300000, 0x00000000eab00000)
  object space 68608K, 73% used [0x00000000c0000000,0x00000000c3110160,0x00000000c4300000)
 Metaspace       used 65285K, committed 66368K, reserved 1114112K
  class space    used 6943K, committed 7424K, reserved 1048576K
}
Event: 38.037 GC heap before
{Heap before GC invocations=40 (full 3):
 PSYoungGen      total 13824K, used 13663K [0x00000000eab00000, 0x00000000ebe00000, 0x0000000100000000)
  eden space 12800K, 100% used [0x00000000eab00000,0x00000000eb780000,0x00000000eb780000)
  from space 1024K, 84% used [0x00000000ebd00000,0x00000000ebdd7f70,0x00000000ebe00000)
  to   space 1024K, 0% used [0x00000000ebc00000,0x00000000ebc00000,0x00000000ebd00000)
 ParOldGen       total 68608K, used 50240K [0x00000000c0000000, 0x00000000c4300000, 0x00000000eab00000)
  object space 68608K, 73% used [0x00000000c0000000,0x00000000c3110160,0x00000000c4300000)
 Metaspace       used 65522K, committed 66560K, reserved 1114112K
  class space    used 6961K, committed 7424K, reserved 1048576K
}
Event: 38.039 GC heap after
{Heap after GC invocations=40 (full 3):
 PSYoungGen      total 13824K, used 992K [0x00000000eab00000, 0x00000000ebd80000, 0x0000000100000000)
  eden space 12800K, 0% used [0x00000000eab00000,0x00000000eab00000,0x00000000eb780000)
  from space 1024K, 96% used [0x00000000ebc00000,0x00000000ebcf8000,0x00000000ebd00000)
  to   space 512K, 0% used [0x00000000ebd00000,0x00000000ebd00000,0x00000000ebd80000)
 ParOldGen       total 68608K, used 50880K [0x00000000c0000000, 0x00000000c4300000, 0x00000000eab00000)
  object space 68608K, 74% used [0x00000000c0000000,0x00000000c31b0160,0x00000000c4300000)
 Metaspace       used 65522K, committed 66560K, reserved 1114112K
  class space    used 6961K, committed 7424K, reserved 1048576K
}
Event: 39.991 GC heap before
{Heap before GC invocations=41 (full 3):
 PSYoungGen      total 13824K, used 13792K [0x00000000eab00000, 0x00000000ebd80000, 0x0000000100000000)
  eden space 12800K, 100% used [0x00000000eab00000,0x00000000eb780000,0x00000000eb780000)
  from space 1024K, 96% used [0x00000000ebc00000,0x00000000ebcf8000,0x00000000ebd00000)
  to   space 512K, 0% used [0x00000000ebd00000,0x00000000ebd00000,0x00000000ebd80000)
 ParOldGen       total 68608K, used 50880K [0x00000000c0000000, 0x00000000c4300000, 0x00000000eab00000)
  object space 68608K, 74% used [0x00000000c0000000,0x00000000c31b0160,0x00000000c4300000)
 Metaspace       used 65676K, committed 66752K, reserved 1114112K
  class space    used 6973K, committed 7424K, reserved 1048576K
}
Event: 39.992 GC heap after
{Heap after GC invocations=41 (full 3):
 PSYoungGen      total 13312K, used 512K [0x00000000eab00000, 0x00000000ebd80000, 0x0000000100000000)
  eden space 12800K, 0% used [0x00000000eab00000,0x00000000eab00000,0x00000000eb780000)
  from space 512K, 100% used [0x00000000ebd00000,0x00000000ebd80000,0x00000000ebd80000)
  to   space 1536K, 0% used [0x00000000eba80000,0x00000000eba80000,0x00000000ebc00000)
 ParOldGen       total 68608K, used 51816K [0x00000000c0000000, 0x00000000c4300000, 0x00000000eab00000)
  object space 68608K, 75% used [0x00000000c0000000,0x00000000c329a160,0x00000000c4300000)
 Metaspace       used 65676K, committed 66752K, reserved 1114112K
  class space    used 6973K, committed 7424K, reserved 1048576K
}
Event: 40.705 GC heap before
{Heap before GC invocations=42 (full 3):
 PSYoungGen      total 13312K, used 13310K [0x00000000eab00000, 0x00000000ebd80000, 0x0000000100000000)
  eden space 12800K, 99% used [0x00000000eab00000,0x00000000eb77fa50,0x00000000eb780000)
  from space 512K, 100% used [0x00000000ebd00000,0x00000000ebd80000,0x00000000ebd80000)
  to   space 1536K, 0% used [0x00000000eba80000,0x00000000eba80000,0x00000000ebc00000)
 ParOldGen       total 68608K, used 51816K [0x00000000c0000000, 0x00000000c4300000, 0x00000000eab00000)
  object space 68608K, 75% used [0x00000000c0000000,0x00000000c329a160,0x00000000c4300000)
 Metaspace       used 66424K, committed 67520K, reserved 1114112K
  class space    used 7045K, committed 7488K, reserved 1048576K
}
Event: 40.721 GC heap after
{Heap after GC invocations=42 (full 3):
 PSYoungGen      total 14336K, used 961K [0x00000000eab00000, 0x00000000ebd80000, 0x0000000100000000)
  eden space 12800K, 0% used [0x00000000eab00000,0x00000000eab00000,0x00000000eb780000)
  from space 1536K, 62% used [0x00000000eba80000,0x00000000ebb70518,0x00000000ebc00000)
  to   space 1536K, 0% used [0x00000000ebc00000,0x00000000ebc00000,0x00000000ebd80000)
 ParOldGen       total 68608K, used 52320K [0x00000000c0000000, 0x00000000c4300000, 0x00000000eab00000)
  object space 68608K, 76% used [0x00000000c0000000,0x00000000c3318160,0x00000000c4300000)
 Metaspace       used 66424K, committed 67520K, reserved 1114112K
  class space    used 7045K, committed 7488K, reserved 1048576K
}

