# JRE version: OpenJDK Runtime Environment Temurin-17.0.3+7 (17.0.3+7) (build 17.0.3+7)
# Java VM: OpenJDK 64-Bit Server VM Temurin-17.0.3+7 (17.0.3+7, mixed mode, tiered, compressed oops, compressed class ptrs, parallel gc, windows-amd64)
GC Precious Log:
 CPUs: 8 total, 8 available
 Memory: 16262M
 Large Page Support: Disabled
 NUMA Support: Disabled
 Compressed Oops: Enabled (32-bit)
 Alignments: Space 512K, Generation 512K, Heap 2M
 Heap Min Capacity: 100M
 Heap Initial Capacity: 100M
 Heap Max Capacity: 1G
 Pre-touch: Disabled
 Parallel Workers: 8
Heap:
 PSYoungGen      total 21504K, used 4604K [0x00000000eab00000, 0x00000000ec380000, 0x0000000100000000)
  eden space 20992K, 19% used [0x00000000eab00000,0x00000000eaeff288,0x00000000ebf80000)
  from space 512K, 100% used [0x00000000ec300000,0x00000000ec380000,0x00000000ec380000)
  to   space 1024K, 0% used [0x00000000ec180000,0x00000000ec180000,0x00000000ec280000)
 ParOldGen       total 68608K, used 33892K [0x00000000c0000000, 0x00000000c4300000, 0x00000000eab00000)
  object space 68608K, 49% used [0x00000000c0000000,0x00000000c2119158,0x00000000c4300000)
 Metaspace       used 57812K, committed 58816K, reserved 1105920K
  class space    used 6152K, committed 6592K, reserved 1048576K
GC Heap History (20 events):
Event: 7.849 GC heap before
{Heap before GC invocations=21 (full 2):
 PSYoungGen      total 22016K, used 21920K [0x00000000eab00000, 0x00000000ec380000, 0x0000000100000000)
  eden space 20992K, 100% used [0x00000000eab00000,0x00000000ebf80000,0x00000000ebf80000)
  from space 1024K, 90% used [0x00000000ec280000,0x00000000ec368000,0x00000000ec380000)
  to   space 1024K, 0% used [0x00000000ec000000,0x00000000ec000000,0x00000000ec100000)
 ParOldGen       total 68608K, used 24580K [0x00000000c0000000, 0x00000000c4300000, 0x00000000eab00000)
  object space 68608K, 35% used [0x00000000c0000000,0x00000000c1801018,0x00000000c4300000)
 Metaspace       used 49244K, committed 50048K, reserved 1097728K
  class space    used 5277K, committed 5632K, reserved 1048576K
}
Event: 7.851 GC heap after
{Heap after GC invocations=21 (full 2):
 PSYoungGen      total 22016K, used 774K [0x00000000eab00000, 0x00000000ec300000, 0x0000000100000000)
  eden space 20992K, 0% used [0x00000000eab00000,0x00000000eab00000,0x00000000ebf80000)
  from space 1024K, 75% used [0x00000000ec000000,0x00000000ec0c1bb8,0x00000000ec100000)
  to   space 1024K, 0% used [0x00000000ec200000,0x00000000ec200000,0x00000000ec300000)
 ParOldGen       total 68608K, used 25308K [0x00000000c0000000, 0x00000000c4300000, 0x00000000eab00000)
  object space 68608K, 36% used [0x00000000c0000000,0x00000000c18b7340,0x00000000c4300000)
 Metaspace       used 49244K, committed 50048K, reserved 1097728K
  class space    used 5277K, committed 5632K, reserved 1048576K
}
Event: 8.801 GC heap before
{Heap before GC invocations=22 (full 2):
 PSYoungGen      total 22016K, used 21766K [0x00000000eab00000, 0x00000000ec300000, 0x0000000100000000)
  eden space 20992K, 100% used [0x00000000eab00000,0x00000000ebf80000,0x00000000ebf80000)
  from space 1024K, 75% used [0x00000000ec000000,0x00000000ec0c1bb8,0x00000000ec100000)
  to   space 1024K, 0% used [0x00000000ec200000,0x00000000ec200000,0x00000000ec300000)
 ParOldGen       total 68608K, used 25308K [0x00000000c0000000, 0x00000000c4300000, 0x00000000eab00000)
  object space 68608K, 36% used [0x00000000c0000000,0x00000000c18b7340,0x00000000c4300000)
 Metaspace       used 50335K, committed 51200K, reserved 1097728K
  class space    used 5414K, committed 5824K, reserved 1048576K
}
Event: 8.802 GC heap after
{Heap after GC invocations=22 (full 2):
 PSYoungGen      total 21504K, used 416K [0x00000000eab00000, 0x00000000ec280000, 0x0000000100000000)
  eden space 20992K, 0% used [0x00000000eab00000,0x00000000eab00000,0x00000000ebf80000)
  from space 512K, 81% used [0x00000000ec200000,0x00000000ec268000,0x00000000ec280000)
  to   space 1024K, 0% used [0x00000000ec080000,0x00000000ec080000,0x00000000ec180000)
 ParOldGen       total 68608K, used 26007K [0x00000000c0000000, 0x00000000c4300000, 0x00000000eab00000)
  object space 68608K, 37% used [0x00000000c0000000,0x00000000c1965e40,0x00000000c4300000)
 Metaspace       used 50335K, committed 51200K, reserved 1097728K
  class space    used 5414K, committed 5824K, reserved 1048576K
}
Event: 9.340 GC heap before
{Heap before GC invocations=23 (full 2):
 PSYoungGen      total 21504K, used 21408K [0x00000000eab00000, 0x00000000ec280000, 0x0000000100000000)
  eden space 20992K, 100% used [0x00000000eab00000,0x00000000ebf80000,0x00000000ebf80000)
  from space 512K, 81% used [0x00000000ec200000,0x00000000ec268000,0x00000000ec280000)
  to   space 1024K, 0% used [0x00000000ec080000,0x00000000ec080000,0x00000000ec180000)
 ParOldGen       total 68608K, used 26007K [0x00000000c0000000, 0x00000000c4300000, 0x00000000eab00000)
  object space 68608K, 37% used [0x00000000c0000000,0x00000000c1965e40,0x00000000c4300000)
 Metaspace       used 51576K, committed 52480K, reserved 1097728K
  class space    used 5527K, committed 5952K, reserved 1048576K
}
Event: 9.344 GC heap after
{Heap after GC invocations=23 (full 2):
 PSYoungGen      total 22016K, used 958K [0x00000000eab00000, 0x00000000ec280000, 0x0000000100000000)
  eden space 20992K, 0% used [0x00000000eab00000,0x00000000eab00000,0x00000000ebf80000)
  from space 1024K, 93% used [0x00000000ec080000,0x00000000ec16fac8,0x00000000ec180000)
  to   space 1024K, 0% used [0x00000000ec180000,0x00000000ec180000,0x00000000ec280000)
 ParOldGen       total 68608K, used 26491K [0x00000000c0000000, 0x00000000c4300000, 0x00000000eab00000)
  object space 68608K, 38% used [0x00000000c0000000,0x00000000c19decf0,0x00000000c4300000)
 Metaspace       used 51576K, committed 52480K, reserved 1097728K
  class space    used 5527K, committed 5952K, reserved 1048576K
}
Event: 9.434 GC heap before
{Heap before GC invocations=24 (full 2):
 PSYoungGen      total 22016K, used 21950K [0x00000000eab00000, 0x00000000ec280000, 0x0000000100000000)
  eden space 20992K, 100% used [0x00000000eab00000,0x00000000ebf80000,0x00000000ebf80000)
  from space 1024K, 93% used [0x00000000ec080000,0x00000000ec16fac8,0x00000000ec180000)
  to   space 1024K, 0% used [0x00000000ec180000,0x00000000ec180000,0x00000000ec280000)
 ParOldGen       total 68608K, used 26491K [0x00000000c0000000, 0x00000000c4300000, 0x00000000eab00000)
  object space 68608K, 38% used [0x00000000c0000000,0x00000000c19decf0,0x00000000c4300000)
 Metaspace       used 51600K, committed 52544K, reserved 1097728K
  class space    used 5527K, committed 5952K, reserved 1048576K
}
Event: 9.435 GC heap after
{Heap after GC invocations=24 (full 2):
 PSYoungGen      total 22016K, used 996K [0x00000000eab00000, 0x00000000ec280000, 0x0000000100000000)
  eden space 20992K, 0% used [0x00000000eab00000,0x00000000eab00000,0x00000000ebf80000)
  from space 1024K, 97% used [0x00000000ec180000,0x00000000ec279170,0x00000000ec280000)
  to   space 1536K, 0% used [0x00000000ebf80000,0x00000000ebf80000,0x00000000ec100000)
 ParOldGen       total 68608K, used 26898K [0x00000000c0000000, 0x00000000c4300000, 0x00000000eab00000)
  object space 68608K, 39% used [0x00000000c0000000,0x00000000c1a449e0,0x00000000c4300000)
 Metaspace       used 51600K, committed 52544K, reserved 1097728K
  class space    used 5527K, committed 5952K, reserved 1048576K
}
Event: 9.818 GC heap before
{Heap before GC invocations=25 (full 2):
 PSYoungGen      total 22016K, used 21988K [0x00000000eab00000, 0x00000000ec280000, 0x0000000100000000)
  eden space 20992K, 100% used [0x00000000eab00000,0x00000000ebf80000,0x00000000ebf80000)
  from space 1024K, 97% used [0x00000000ec180000,0x00000000ec279170,0x00000000ec280000)
  to   space 1536K, 0% used [0x00000000ebf80000,0x00000000ebf80000,0x00000000ec100000)
 ParOldGen       total 68608K, used 26898K [0x00000000c0000000, 0x00000000c4300000, 0x00000000eab00000)
  object space 68608K, 39% used [0x00000000c0000000,0x00000000c1a449e0,0x00000000c4300000)
 Metaspace       used 53207K, committed 54144K, reserved 1097728K
  class space    used 5647K, committed 6080K, reserved 1048576K
}
Event: 9.849 GC heap after
{Heap after GC invocations=25 (full 2):
 PSYoungGen      total 22528K, used 1523K [0x00000000eab00000, 0x00000000ec980000, 0x0000000100000000)
  eden space 20992K, 0% used [0x00000000eab00000,0x00000000eab00000,0x00000000ebf80000)
  from space 1536K, 99% used [0x00000000ebf80000,0x00000000ec0fccc8,0x00000000ec100000)
  to   space 5120K, 0% used [0x00000000ec480000,0x00000000ec480000,0x00000000ec980000)
 ParOldGen       total 68608K, used 29644K [0x00000000c0000000, 0x00000000c4300000, 0x00000000eab00000)
  object space 68608K, 43% used [0x00000000c0000000,0x00000000c1cf30f8,0x00000000c4300000)
 Metaspace       used 53207K, committed 54144K, reserved 1097728K
  class space    used 5647K, committed 6080K, reserved 1048576K
}
Event: 10.986 GC heap before
{Heap before GC invocations=26 (full 2):
 PSYoungGen      total 22528K, used 22515K [0x00000000eab00000, 0x00000000ec980000, 0x0000000100000000)
  eden space 20992K, 100% used [0x00000000eab00000,0x00000000ebf80000,0x00000000ebf80000)
  from space 1536K, 99% used [0x00000000ebf80000,0x00000000ec0fccc8,0x00000000ec100000)
  to   space 5120K, 0% used [0x00000000ec480000,0x00000000ec480000,0x00000000ec980000)
 ParOldGen       total 68608K, used 29644K [0x00000000c0000000, 0x00000000c4300000, 0x00000000eab00000)
  object space 68608K, 43% used [0x00000000c0000000,0x00000000c1cf30f8,0x00000000c4300000)
 Metaspace       used 54878K, committed 55872K, reserved 1105920K
  class space    used 5822K, committed 6272K, reserved 1048576K
}
Event: 10.988 GC heap after
{Heap after GC invocations=26 (full 2):
 PSYoungGen      total 23552K, used 2080K [0x00000000eab00000, 0x00000000ec700000, 0x0000000100000000)
  eden space 20992K, 0% used [0x00000000eab00000,0x00000000eab00000,0x00000000ebf80000)
  from space 2560K, 81% used [0x00000000ec480000,0x00000000ec688000,0x00000000ec700000)
  to   space 3072K, 0% used [0x00000000ec100000,0x00000000ec100000,0x00000000ec400000)
 ParOldGen       total 68608K, used 29868K [0x00000000c0000000, 0x00000000c4300000, 0x00000000eab00000)
  object space 68608K, 43% used [0x00000000c0000000,0x00000000c1d2b0f8,0x00000000c4300000)
 Metaspace       used 54878K, committed 55872K, reserved 1105920K
  class space    used 5822K, committed 6272K, reserved 1048576K
}
Event: 12.027 GC heap before
{Heap before GC invocations=27 (full 2):
 PSYoungGen      total 23552K, used 22314K [0x00000000eab00000, 0x00000000ec700000, 0x0000000100000000)
  eden space 20992K, 96% used [0x00000000eab00000,0x00000000ebec2af0,0x00000000ebf80000)
  from space 2560K, 81% used [0x00000000ec480000,0x00000000ec688000,0x00000000ec700000)
  to   space 3072K, 0% used [0x00000000ec100000,0x00000000ec100000,0x00000000ec400000)
 ParOldGen       total 68608K, used 29868K [0x00000000c0000000, 0x00000000c4300000, 0x00000000eab00000)
  object space 68608K, 43% used [0x00000000c0000000,0x00000000c1d2b0f8,0x00000000c4300000)
 Metaspace       used 56590K, committed 57600K, reserved 1105920K
  class space    used 6029K, committed 6464K, reserved 1048576K
}
Event: 12.030 GC heap after
{Heap after GC invocations=27 (full 2):
 PSYoungGen      total 23040K, used 1712K [0x00000000eab00000, 0x00000000ec500000, 0x0000000100000000)
  eden space 20992K, 0% used [0x00000000eab00000,0x00000000eab00000,0x00000000ebf80000)
  from space 2048K, 83% used [0x00000000ec100000,0x00000000ec2ac020,0x00000000ec300000)
  to   space 2048K, 0% used [0x00000000ec300000,0x00000000ec300000,0x00000000ec500000)
 ParOldGen       total 68608K, used 31809K [0x00000000c0000000, 0x00000000c4300000, 0x00000000eab00000)
  object space 68608K, 46% used [0x00000000c0000000,0x00000000c1f104f8,0x00000000c4300000)
 Metaspace       used 56590K, committed 57600K, reserved 1105920K
  class space    used 6029K, committed 6464K, reserved 1048576K
}
Event: 12.084 GC heap before
{Heap before GC invocations=28 (full 2):
 PSYoungGen      total 23040K, used 22003K [0x00000000eab00000, 0x00000000ec500000, 0x0000000100000000)
  eden space 20992K, 96% used [0x00000000eab00000,0x00000000ebed0c10,0x00000000ebf80000)
  from space 2048K, 83% used [0x00000000ec100000,0x00000000ec2ac020,0x00000000ec300000)
  to   space 2048K, 0% used [0x00000000ec300000,0x00000000ec300000,0x00000000ec500000)
 ParOldGen       total 68608K, used 31809K [0x00000000c0000000, 0x00000000c4300000, 0x00000000eab00000)
  object space 68608K, 46% used [0x00000000c0000000,0x00000000c1f104f8,0x00000000c4300000)
 Metaspace       used 56653K, committed 57664K, reserved 1105920K
  class space    used 6038K, committed 6464K, reserved 1048576K
}
Event: 12.087 GC heap after
{Heap after GC invocations=28 (full 2):
 PSYoungGen      total 21504K, used 288K [0x00000000eab00000, 0x00000000ec380000, 0x0000000100000000)
  eden space 20992K, 0% used [0x00000000eab00000,0x00000000eab00000,0x00000000ebf80000)
  from space 512K, 56% used [0x00000000ec300000,0x00000000ec348000,0x00000000ec380000)
  to   space 1024K, 0% used [0x00000000ec180000,0x00000000ec180000,0x00000000ec280000)
 ParOldGen       total 68608K, used 33408K [0x00000000c0000000, 0x00000000c4300000, 0x00000000eab00000)
  object space 68608K, 48% used [0x00000000c0000000,0x00000000c20a0320,0x00000000c4300000)
 Metaspace       used 56653K, committed 57664K, reserved 1105920K
  class space    used 6038K, committed 6464K, reserved 1048576K
}
Event: 12.139 GC heap before
{Heap before GC invocations=29 (full 2):
 PSYoungGen      total 21504K, used 20524K [0x00000000eab00000, 0x00000000ec380000, 0x0000000100000000)
  eden space 20992K, 96% used [0x00000000eab00000,0x00000000ebec31d0,0x00000000ebf80000)
  from space 512K, 56% used [0x00000000ec300000,0x00000000ec348000,0x00000000ec380000)
  to   space 1024K, 0% used [0x00000000ec180000,0x00000000ec180000,0x00000000ec280000)
 ParOldGen       total 68608K, used 33408K [0x00000000c0000000, 0x00000000c4300000, 0x00000000eab00000)
  object space 68608K, 48% used [0x00000000c0000000,0x00000000c20a0320,0x00000000c4300000)
 Metaspace       used 56691K, committed 57664K, reserved 1105920K
  class space    used 6040K, committed 6464K, reserved 1048576K
}
Event: 12.140 GC heap after
{Heap after GC invocations=29 (full 2):
 PSYoungGen      total 22016K, used 384K [0x00000000eab00000, 0x00000000ec380000, 0x0000000100000000)
  eden space 20992K, 0% used [0x00000000eab00000,0x00000000eab00000,0x00000000ebf80000)
  from space 1024K, 37% used [0x00000000ec180000,0x00000000ec1e0000,0x00000000ec280000)
  to   space 512K, 0% used [0x00000000ec300000,0x00000000ec300000,0x00000000ec380000)
 ParOldGen       total 68608K, used 33605K [0x00000000c0000000, 0x00000000c4300000, 0x00000000eab00000)
  object space 68608K, 48% used [0x00000000c0000000,0x00000000c20d1420,0x00000000c4300000)
 Metaspace       used 56691K, committed 57664K, reserved 1105920K
  class space    used 6040K, committed 6464K, reserved 1048576K
}
Event: 12.385 GC heap before
{Heap before GC invocations=30 (full 2):
 PSYoungGen      total 22016K, used 21376K [0x00000000eab00000, 0x00000000ec380000, 0x0000000100000000)
  eden space 20992K, 100% used [0x00000000eab00000,0x00000000ebf80000,0x00000000ebf80000)
  from space 1024K, 37% used [0x00000000ec180000,0x00000000ec1e0000,0x00000000ec280000)
  to   space 512K, 0% used [0x00000000ec300000,0x00000000ec300000,0x00000000ec380000)
 ParOldGen       total 68608K, used 33605K [0x00000000c0000000, 0x00000000c4300000, 0x00000000eab00000)
  object space 68608K, 48% used [0x00000000c0000000,0x00000000c20d1420,0x00000000c4300000)
 Metaspace       used 57459K, committed 58496K, reserved 1105920K
  class space    used 6111K, committed 6592K, reserved 1048576K
}
Event: 12.387 GC heap after
{Heap after GC invocations=30 (full 2):
 PSYoungGen      total 21504K, used 512K [0x00000000eab00000, 0x00000000ec380000, 0x0000000100000000)
  eden space 20992K, 0% used [0x00000000eab00000,0x00000000eab00000,0x00000000ebf80000)
  from space 512K, 100% used [0x00000000ec300000,0x00000000ec380000,0x00000000ec380000)
  to   space 1024K, 0% used [0x00000000ec180000,0x00000000ec180000,0x00000000ec280000)
 ParOldGen       total 68608K, used 33892K [0x00000000c0000000, 0x00000000c4300000, 0x00000000eab00000)
  object space 68608K, 49% used [0x00000000c0000000,0x00000000c2119158,0x00000000c4300000)
 Metaspace       used 57459K, committed 58496K, reserved 1105920K
  class space    used 6111K, committed 6592K, reserved 1048576K
}

